{
  "RSpec": {
    "coverage": {
 tests
      "/home/luka/upstar/DiscussOnIT-userparam/app/controllers/postcomments_controller.rb": [
        1,
        1,
        1,
        null,
        1,
        0,
        0,
        0,
        0,
        0,
        null,
        0,
        null,
        null,
        null,
        1,
        0,
        0,
        null,
        0,
        null,
        null,
        1,
        0,
        0,
        null,
        0,
        null,
        null,
        1,
        null,
        1,
        0,
        null,
        null,
        1,
        0,
        null,
        null
      ],


      "/home/luka/upstar/DiscussOnIT-userparam/app/mailers/welcome_mailer.rb": [
        1,
        1,
        null,
        1,
 
        7,
        7,
        11,
        11,

        null,
        null
      ]
    },
 tests
    "timestamp": 1527734545

    "timestamp": 1527726296

  }
}
