{
  "RSpec": {
    "coverage": {
      "/home/luka/upstar/DiscussOnIT-userparam/app/controllers/userparams_controller.rb": [
        1,
        1,
        1,
        null,
        1,
        0,
        null,
        null,
        1,
        0,
        0,
        0,
        null,
        null,
        null,
        1,
        2,
        2,
        null,
        2,
        null,
        null,
        1,
        0,
        0,
        0,
        0,
        null,
        null,
        1,
        0,
        null,
        null,
        1,
        0,
        0,
        null,
        null,
        1,
        null,
        1,
        2,
        null,
        null,
        1,
        2,
        null,
        null
      ],
      "/home/luka/upstar/DiscussOnIT-userparam/app/mailers/welcome_mailer.rb": [
        1,
        1,
        null,
        1,
        6,
        6,
        null,
        null
      ]
    },
    "timestamp": 1527700056
  }
}
